<?xml version="1.0" encoding="UTF-8"?>
<testng-results ignored="0" total="4" passed="4" failed="0" skipped="0">
  <reporter-output>
  </reporter-output>
  <suite started-at="2024-06-01T10:50:06 IST" name="Suite" finished-at="2024-06-01T11:00:59 IST" duration-ms="653210">
    <groups>
      <group name="RegressionTest">
        <method signature="CreatingCustomerTest.creatingCustomer()[pri:0, instance:com.TradeGecko.BM.User.CreatingCustomerTest@792b749c]" name="creatingCustomer" class="com.TradeGecko.BM.User.CreatingCustomerTest"/>
        <method signature="FetchingCutomerFromDropDownTest.FetchingCutomerFromDropDown()[pri:0, instance:com.TradeGecko.BM.User.FetchingCutomerFromDropDownTest@23e84203]" name="FetchingCutomerFromDropDown" class="com.TradeGecko.BM.User.FetchingCutomerFromDropDownTest"/>
      </group> <!-- RegressionTest -->
      <group name="smokeTest">
        <method signature="CustomerTest.addProductForCustomer()[pri:0, instance:com.TradeGecko.BM.Customer.CustomerTest@303cf2ba]" name="addProductForCustomer" class="com.TradeGecko.BM.Customer.CustomerTest"/>
        <method signature="AddMultipleProductAndDeleteTest.AddMultipleProducts()[pri:0, instance:com.TradeGecko.BM.User.AddMultipleProductAndDeleteTest@6d60fe40]" name="AddMultipleProducts" class="com.TradeGecko.BM.User.AddMultipleProductAndDeleteTest"/>
      </group> <!-- smokeTest -->
    </groups>
    <test started-at="2024-06-01T10:50:06 IST" name="Test" finished-at="2024-06-01T11:00:59 IST" duration-ms="653210">
      <class name="com.TradeGecko.BM.User.CreatingCustomerTest">
        <test-method is-config="true" signature="configBC()[pri:0, instance:com.TradeGecko.BM.User.CreatingCustomerTest@792b749c]" started-at="2024-06-01T10:55:34 IST" name="configBC" finished-at="2024-06-01T10:55:38 IST" duration-ms="3342" status="PASS">
          <reporter-output>
          </reporter-output>
        </test-method> <!-- configBC -->
        <test-method signature="creatingCustomer()[pri:0, instance:com.TradeGecko.BM.User.CreatingCustomerTest@792b749c]" started-at="2024-06-01T10:55:38 IST" name="creatingCustomer" finished-at="2024-06-01T10:57:11 IST" duration-ms="93177" status="PASS">
          <reporter-output>
          </reporter-output>
        </test-method> <!-- creatingCustomer -->
        <test-method is-config="true" signature="configAM()[pri:0, instance:com.TradeGecko.BM.User.CreatingCustomerTest@792b749c]" started-at="2024-06-01T10:57:11 IST" name="configAM" finished-at="2024-06-01T10:58:01 IST" duration-ms="50065" status="PASS">
          <reporter-output>
          </reporter-output>
        </test-method> <!-- configAM -->
        <test-method is-config="true" signature="configAC()[pri:0, instance:com.TradeGecko.BM.User.CreatingCustomerTest@792b749c]" started-at="2024-06-01T10:58:01 IST" name="configAC" finished-at="2024-06-01T10:58:02 IST" duration-ms="865" status="PASS">
          <reporter-output>
          </reporter-output>
        </test-method> <!-- configAC -->
      </class> <!-- com.TradeGecko.BM.User.CreatingCustomerTest -->
      <class name="com.TradeGecko.BM.User.FetchingCutomerFromDropDownTest">
        <test-method is-config="true" signature="configBC()[pri:0, instance:com.TradeGecko.BM.User.FetchingCutomerFromDropDownTest@23e84203]" started-at="2024-06-01T10:58:02 IST" name="configBC" finished-at="2024-06-01T10:58:06 IST" duration-ms="3723" status="PASS">
          <reporter-output>
          </reporter-output>
        </test-method> <!-- configBC -->
        <test-method signature="FetchingCutomerFromDropDown()[pri:0, instance:com.TradeGecko.BM.User.FetchingCutomerFromDropDownTest@23e84203]" started-at="2024-06-01T10:58:06 IST" name="FetchingCutomerFromDropDown" finished-at="2024-06-01T11:00:08 IST" duration-ms="122656" status="PASS">
          <reporter-output>
          </reporter-output>
        </test-method> <!-- FetchingCutomerFromDropDown -->
        <test-method is-config="true" signature="configAM()[pri:0, instance:com.TradeGecko.BM.User.FetchingCutomerFromDropDownTest@23e84203]" started-at="2024-06-01T11:00:08 IST" name="configAM" finished-at="2024-06-01T11:00:58 IST" duration-ms="49737" status="PASS">
          <reporter-output>
          </reporter-output>
        </test-method> <!-- configAM -->
        <test-method is-config="true" signature="configAC()[pri:0, instance:com.TradeGecko.BM.User.FetchingCutomerFromDropDownTest@23e84203]" started-at="2024-06-01T11:00:58 IST" name="configAC" finished-at="2024-06-01T11:00:59 IST" duration-ms="986" status="PASS">
          <reporter-output>
          </reporter-output>
        </test-method> <!-- configAC -->
      </class> <!-- com.TradeGecko.BM.User.FetchingCutomerFromDropDownTest -->
      <class name="com.TradeGecko.BM.Customer.CustomerTest">
        <test-method is-config="true" signature="configBS()[pri:0, instance:com.TradeGecko.BM.Customer.CustomerTest@303cf2ba]" started-at="2024-06-01T10:50:06 IST" name="configBS" finished-at="2024-06-01T10:50:06 IST" duration-ms="140" status="PASS">
          <reporter-output>
          </reporter-output>
        </test-method> <!-- configBS -->
        <test-method is-config="true" signature="configBC()[pri:0, instance:com.TradeGecko.BM.Customer.CustomerTest@303cf2ba]" started-at="2024-06-01T10:50:06 IST" name="configBC" finished-at="2024-06-01T10:50:16 IST" duration-ms="10162" status="PASS">
          <reporter-output>
          </reporter-output>
        </test-method> <!-- configBC -->
        <test-method signature="addProductForCustomer()[pri:0, instance:com.TradeGecko.BM.Customer.CustomerTest@303cf2ba]" started-at="2024-06-01T10:50:16 IST" name="addProductForCustomer" finished-at="2024-06-01T10:51:42 IST" duration-ms="86204" status="PASS">
          <reporter-output>
          </reporter-output>
        </test-method> <!-- addProductForCustomer -->
        <test-method is-config="true" signature="configAM()[pri:0, instance:com.TradeGecko.BM.Customer.CustomerTest@303cf2ba]" started-at="2024-06-01T10:51:42 IST" name="configAM" finished-at="2024-06-01T10:52:02 IST" duration-ms="19702" status="PASS">
          <reporter-output>
          </reporter-output>
        </test-method> <!-- configAM -->
        <test-method is-config="true" signature="configAC()[pri:0, instance:com.TradeGecko.BM.Customer.CustomerTest@303cf2ba]" started-at="2024-06-01T10:52:02 IST" name="configAC" finished-at="2024-06-01T10:52:03 IST" duration-ms="1246" status="PASS">
          <reporter-output>
          </reporter-output>
        </test-method> <!-- configAC -->
        <test-method is-config="true" signature="configAS()[pri:0, instance:com.TradeGecko.BM.Customer.CustomerTest@303cf2ba]" started-at="2024-06-01T11:00:59 IST" name="configAS" finished-at="2024-06-01T11:00:59 IST" duration-ms="1" status="PASS">
          <reporter-output>
          </reporter-output>
        </test-method> <!-- configAS -->
      </class> <!-- com.TradeGecko.BM.Customer.CustomerTest -->
      <class name="com.TradeGecko.BM.User.AddMultipleProductAndDeleteTest">
        <test-method is-config="true" signature="configBC()[pri:0, instance:com.TradeGecko.BM.User.AddMultipleProductAndDeleteTest@6d60fe40]" started-at="2024-06-01T10:52:03 IST" name="configBC" finished-at="2024-06-01T10:52:19 IST" duration-ms="16035" status="PASS">
          <reporter-output>
          </reporter-output>
        </test-method> <!-- configBC -->
        <test-method signature="AddMultipleProducts()[pri:0, instance:com.TradeGecko.BM.User.AddMultipleProductAndDeleteTest@6d60fe40]" started-at="2024-06-01T10:52:19 IST" name="AddMultipleProducts" finished-at="2024-06-01T10:54:44 IST" duration-ms="144278" status="PASS">
          <reporter-output>
          </reporter-output>
        </test-method> <!-- AddMultipleProducts -->
        <test-method is-config="true" signature="configAM()[pri:0, instance:com.TradeGecko.BM.User.AddMultipleProductAndDeleteTest@6d60fe40]" started-at="2024-06-01T10:54:44 IST" name="configAM" finished-at="2024-06-01T10:55:33 IST" duration-ms="49703" status="PASS">
          <reporter-output>
          </reporter-output>
        </test-method> <!-- configAM -->
        <test-method is-config="true" signature="configAC()[pri:0, instance:com.TradeGecko.BM.User.AddMultipleProductAndDeleteTest@6d60fe40]" started-at="2024-06-01T10:55:33 IST" name="configAC" finished-at="2024-06-01T10:55:34 IST" duration-ms="946" status="PASS">
          <reporter-output>
          </reporter-output>
        </test-method> <!-- configAC -->
      </class> <!-- com.TradeGecko.BM.User.AddMultipleProductAndDeleteTest -->
    </test> <!-- Test -->
  </suite> <!-- Suite -->
</testng-results>
