<?xml version="1.0" encoding="UTF-8"?>
<!-- Generated by org.testng.reporters.JUnitXMLReporter -->
<testsuite ignored="6" hostname="DESKTOP-EKTU0VS" failures="0" tests="4" name="Test" time="653.21" errors="0" timestamp="2024-06-01T11:00:59 IST">
  <testcase classname="com.TradeGecko.BM.Customer.CustomerTest" name="addProductForCustomer" time="86.204"/>
  <testcase classname="com.TradeGecko.BM.User.AddMultipleProductAndDeleteTest" name="AddMultipleProducts" time="144.278"/>
  <testcase classname="com.TradeGecko.BM.User.CreatingCustomerTest" name="creatingCustomer" time="93.177"/>
  <testcase classname="com.TradeGecko.BM.User.FetchingCutomerFromDropDownTest" name="FetchingCutomerFromDropDown" time="122.656"/>
  <testcase classname="com.comcast.crm.generic.basetest.BaseClass" name="@AfterSuite configAS" time="0.0">
    <ignored/>
  </testcase> <!-- @AfterSuite configAS -->
  <testcase classname="com.comcast.crm.generic.basetest.BaseClass" name="@BeforeSuite configBS" time="0.0">
    <ignored/>
  </testcase> <!-- @BeforeSuite configBS -->
  <testcase classname="com.comcast.crm.generic.basetest.BaseClass" name="@BeforeSuite configBS" time="0.0">
    <ignored/>
  </testcase> <!-- @BeforeSuite configBS -->
  <testcase classname="com.comcast.crm.generic.basetest.BaseClass" name="@AfterSuite configAS" time="0.0">
    <ignored/>
  </testcase> <!-- @AfterSuite configAS -->
  <testcase classname="com.comcast.crm.generic.basetest.BaseClass" name="@BeforeSuite configBS" time="0.0">
    <ignored/>
  </testcase> <!-- @BeforeSuite configBS -->
  <testcase classname="com.comcast.crm.generic.basetest.BaseClass" name="@AfterSuite configAS" time="0.0">
    <ignored/>
  </testcase> <!-- @AfterSuite configAS -->
</testsuite> <!-- Test -->
